0 info it worked if it ends with ok
1 verbose cli [ '/usr/local/bin/node', '/usr/local/bin/npm', 'start' ]
2 info using npm@3.10.10
3 info using node@v6.11.4
4 verbose run-script [ 'prestart', 'start', 'poststart' ]
5 info lifecycle we2-u3-codepack@0.0.4~prestart: we2-u3-codepack@0.0.4
6 silly lifecycle we2-u3-codepack@0.0.4~prestart: no script for prestart, continuing
7 info lifecycle we2-u3-codepack@0.0.4~start: we2-u3-codepack@0.0.4
8 verbose lifecycle we2-u3-codepack@0.0.4~start: unsafe-perm in lifecycle true
9 verbose lifecycle we2-u3-codepack@0.0.4~start: PATH: /usr/local/lib/node_modules/npm/bin/node-gyp-bin:/Users/temhota/web-2-abgaben/Aufgabe 04/node_modules/.bin:/usr/local/bin:/usr/bin:/bin:/usr/sbin:/sbin:/Library/Java/JavaVirtualMachines/jdk1.8.0_92.jdk/Contents/Home/bin:/Users/temhota/maven/bin:/opt/local/bin:/opt/local/sbin:/usr/local/bin:/usr/bin:/bin:/usr/sbin:/sbin:/usr/local/sbin:/Users/temhota/mongodb/bin
10 verbose lifecycle we2-u3-codepack@0.0.4~start: CWD: /Users/temhota/web-2-abgaben/Aufgabe 04
11 silly lifecycle we2-u3-codepack@0.0.4~start: Args: [ '-c',
11 silly lifecycle   'cross-env NODE_ENV=development DEBUG=we2:* nodemon app.js' ]
12 silly lifecycle we2-u3-codepack@0.0.4~start: Returned: code: 1  signal: null
13 info lifecycle we2-u3-codepack@0.0.4~start: Failed to exec start script
14 verbose stack Error: we2-u3-codepack@0.0.4 start: `cross-env NODE_ENV=development DEBUG=we2:* nodemon app.js`
14 verbose stack Exit status 1
14 verbose stack     at EventEmitter.<anonymous> (/usr/local/lib/node_modules/npm/lib/utils/lifecycle.js:255:16)
14 verbose stack     at emitTwo (events.js:106:13)
14 verbose stack     at EventEmitter.emit (events.js:191:7)
14 verbose stack     at ChildProcess.<anonymous> (/usr/local/lib/node_modules/npm/lib/utils/spawn.js:40:14)
14 verbose stack     at emitTwo (events.js:106:13)
14 verbose stack     at ChildProcess.emit (events.js:191:7)
14 verbose stack     at maybeClose (internal/child_process.js:920:16)
14 verbose stack     at Process.ChildProcess._handle.onexit (internal/child_process.js:230:5)
15 verbose pkgid we2-u3-codepack@0.0.4
16 verbose cwd /Users/temhota/web-2-abgaben/Aufgabe 04
17 error Darwin 17.3.0
18 error argv "/usr/local/bin/node" "/usr/local/bin/npm" "start"
19 error node v6.11.4
20 error npm  v3.10.10
21 error code ELIFECYCLE
22 error we2-u3-codepack@0.0.4 start: `cross-env NODE_ENV=development DEBUG=we2:* nodemon app.js`
22 error Exit status 1
23 error Failed at the we2-u3-codepack@0.0.4 start script 'cross-env NODE_ENV=development DEBUG=we2:* nodemon app.js'.
23 error Make sure you have the latest version of node.js and npm installed.
23 error If you do, this is most likely a problem with the we2-u3-codepack package,
23 error not with npm itself.
23 error Tell the author that this fails on your system:
23 error     cross-env NODE_ENV=development DEBUG=we2:* nodemon app.js
23 error You can get information on how to open an issue for this project with:
23 error     npm bugs we2-u3-codepack
23 error Or if that isn't available, you can get their info via:
23 error     npm owner ls we2-u3-codepack
23 error There is likely additional logging output above.
24 verbose exit [ 1, true ]
